{"numFailedTestSuites":1,"numFailedTests":0,"numPassedTestSuites":3,"numPassedTests":5,"numPendingTestSuites":0,"numPendingTests":0,"numRuntimeErrorTestSuites":1,"numTodoTests":0,"numTotalTestSuites":4,"numTotalTests":5,"openHandles":[],"snapshot":{"added":0,"didUpdate":false,"failure":true,"filesAdded":0,"filesRemoved":1,"filesRemovedList":["/Users/jonjandoc/Sites/bambee/pollen/src/components/BaseIcon/__snapshots__/BaseIcon.test.js.snap"],"filesUnmatched":0,"filesUpdated":0,"matched":3,"total":3,"unchecked":0,"uncheckedKeysByFile":[],"unmatched":0,"updated":0},"startTime":1590706880931,"success":false,"testResults":[{"assertionResults":[],"coverage":{},"endTime":1590706883262,"message":"  \u001b[1m● \u001b[22mTest suite failed to run\n\n    ENOENT: no such file or directory, open '/Users/jonjandoc/Sites/bambee/pollen/src/components/BaseIcon/BaseIcon.test.js'\n\n      \u001b[2mat runTestInternal (\u001b[22mnode_modules/jest-runner/build/runTest.js\u001b[2m:205:27)\u001b[22m\n","name":"/Users/jonjandoc/Sites/bambee/pollen/src/components/BaseIcon/BaseIcon.test.js","startTime":1590706883262,"status":"failed","summary":""},{"assertionResults":[{"ancestorTitles":["SearchField"],"failureMessages":[],"fullName":"SearchField renders correctly","location":null,"status":"passed","title":"renders correctly"}],"endTime":1590706883125,"message":"","name":"/Users/jonjandoc/Sites/bambee/pollen/src/components/SearchField/SearchField.test.js","startTime":1590706881960,"status":"passed","summary":""},{"assertionResults":[{"ancestorTitles":["TwoColumnMultiSelect"],"failureMessages":[],"fullName":"TwoColumnMultiSelect renders correctly","location":null,"status":"passed","title":"renders correctly"}],"endTime":1590706883146,"message":"","name":"/Users/jonjandoc/Sites/bambee/pollen/src/components/TwoColumnMultiSelect/TwoColumnMultiSelect.test.js","startTime":1590706881938,"status":"passed","summary":""},{"assertionResults":[{"ancestorTitles":["RadioToggle"],"failureMessages":[],"fullName":"RadioToggle renders correctly","location":null,"status":"passed","title":"renders correctly"},{"ancestorTitles":["RadioToggle"],"failureMessages":[],"fullName":"RadioToggle highlights the correct label","location":null,"status":"passed","title":"highlights the correct label"},{"ancestorTitles":["RadioToggle"],"failureMessages":[],"fullName":"RadioToggle emits an input event","location":null,"status":"passed","title":"emits an input event"}],"endTime":1590706883211,"message":"","name":"/Users/jonjandoc/Sites/bambee/pollen/src/components/RadioToggle/RadioToggle.test.js","startTime":1590706881979,"status":"passed","summary":""}],"wasInterrupted":false,"coverageMap":{}}