{"numFailedTestSuites":0,"numFailedTests":0,"numPassedTestSuites":1,"numPassedTests":2,"numPendingTestSuites":0,"numPendingTests":0,"numRuntimeErrorTestSuites":0,"numTodoTests":0,"numTotalTestSuites":1,"numTotalTests":2,"openHandles":[],"snapshot":{"added":0,"didUpdate":false,"failure":false,"filesAdded":0,"filesRemoved":0,"filesRemovedList":[],"filesUnmatched":0,"filesUpdated":0,"matched":0,"total":0,"unchecked":0,"uncheckedKeysByFile":[],"unmatched":0,"updated":0},"startTime":1590626021912,"success":true,"testResults":[{"assertionResults":[{"ancestorTitles":["RadioToggle"],"failureMessages":[],"fullName":"RadioToggle highlights the correct label","location":null,"status":"passed","title":"highlights the correct label"},{"ancestorTitles":["RadioToggle"],"failureMessages":[],"fullName":"RadioToggle emits an input event","location":null,"status":"passed","title":"emits an input event"}],"endTime":1590626024591,"message":"","name":"/Users/jonjandoc/Sites/bambee/pollen/src/components/RadioToggle/RadioToggle.test.js","startTime":1590626023590,"status":"passed","summary":""}],"wasInterrupted":false,"coverageMap":{}}